2018-03-04 11:51:36,673 [Worker-5: Loading available Gradle versions] INFO  c.g.t.t.d.PublishedGradleVersions - Gradle version information cache is up-to-date. Trying to read.
2018-03-04 11:55:21,486 [Worker-4: Loading available Gradle versions] INFO  c.g.t.t.d.PublishedGradleVersions - Gradle version information cache is up-to-date. Trying to read.
2018-03-04 12:05:52,022 [Start Help Server] INFO  org.eclipse.jetty.util.log - Logging initialized @644326ms to org.eclipse.jetty.util.log.Slf4jLog
2018-03-04 12:05:52,405 [Start Help Server] INFO  org.eclipse.jetty.server.Server - jetty-9.4.8.v20171121, build timestamp: 2017-11-21T21:27:37Z, git hash: 82b8fb23f757335bb3329d540ce37a2a2615f0a8
2018-03-04 12:05:52,461 [Start Help Server] INFO  org.eclipse.jetty.server.session - DefaultSessionIdManager workerName=node0
2018-03-04 12:05:52,461 [Start Help Server] INFO  org.eclipse.jetty.server.session - No SessionScavenger set, using defaults
2018-03-04 12:05:52,464 [Start Help Server] INFO  org.eclipse.jetty.server.session - Scavenging every 600000ms
2018-03-04 12:05:52,531 [Start Help Server] INFO  o.e.j.server.handler.ContextHandler - Started o.e.j.s.ServletContextHandler@5c3c2058{/help,null,AVAILABLE}
2018-03-04 12:05:52,566 [Start Help Server] INFO  o.e.jetty.server.AbstractConnector - Started ServerConnector@215db9d6{HTTP/1.1,[http/1.1]}{127.0.0.1:34119}
2018-03-04 12:05:52,567 [Start Help Server] INFO  org.eclipse.jetty.server.Server - Started @644872ms
2018-03-04 16:41:35,926 [Stop Help Server] INFO  o.e.jetty.server.AbstractConnector - Stopped ServerConnector@215db9d6{HTTP/1.1,[http/1.1]}{127.0.0.1:0}
2018-03-04 16:41:35,930 [Stop Help Server] INFO  org.eclipse.jetty.server.session - Stopped scavenging
2018-03-04 16:41:35,955 [Stop Help Server] INFO  o.e.j.server.handler.ContextHandler - Stopped o.e.j.s.ServletContextHandler@5c3c2058{/help,null,UNAVAILABLE}
2018-03-04 19:39:14,459 [Worker-4: Loading available Gradle versions] INFO  c.g.t.t.d.PublishedGradleVersions - Gradle version information cache is up-to-date. Trying to read.
2018-03-04 20:30:57,891 [Worker-0: Loading available Gradle versions] INFO  c.g.t.t.d.PublishedGradleVersions - Gradle version information cache is up-to-date. Trying to read.
2018-03-04 20:42:06,226 [Worker-4: Loading available Gradle versions] INFO  c.g.t.t.d.PublishedGradleVersions - Gradle version information cache is up-to-date. Trying to read.
2018-03-04 20:48:39,203 [Start Help Server] INFO  org.eclipse.jetty.util.log - Logging initialized @419698ms to org.eclipse.jetty.util.log.Slf4jLog
2018-03-04 20:48:39,472 [Start Help Server] INFO  org.eclipse.jetty.server.Server - jetty-9.4.8.v20171121, build timestamp: 2017-11-21T21:27:37Z, git hash: 82b8fb23f757335bb3329d540ce37a2a2615f0a8
2018-03-04 20:48:39,519 [Start Help Server] INFO  org.eclipse.jetty.server.session - DefaultSessionIdManager workerName=node0
2018-03-04 20:48:39,519 [Start Help Server] INFO  org.eclipse.jetty.server.session - No SessionScavenger set, using defaults
2018-03-04 20:48:39,521 [Start Help Server] INFO  org.eclipse.jetty.server.session - Scavenging every 660000ms
2018-03-04 20:48:39,586 [Start Help Server] INFO  o.e.j.server.handler.ContextHandler - Started o.e.j.s.ServletContextHandler@78f25ea{/help,null,AVAILABLE}
2018-03-04 20:48:39,623 [Start Help Server] INFO  o.e.jetty.server.AbstractConnector - Started ServerConnector@9fa5d56{HTTP/1.1,[http/1.1]}{127.0.0.1:35269}
2018-03-04 20:48:39,627 [Start Help Server] INFO  org.eclipse.jetty.server.Server - Started @420122ms
2018-03-05 19:24:27,696 [Worker-0: Loading available Gradle versions] INFO  c.g.t.t.d.PublishedGradleVersions - Gradle version information cache is out-of-date. Trying to update.
2018-03-05 19:32:14,415 [Start Help Server] INFO  org.eclipse.jetty.util.log - Logging initialized @495629ms to org.eclipse.jetty.util.log.Slf4jLog
2018-03-05 19:32:14,638 [Start Help Server] INFO  org.eclipse.jetty.server.Server - jetty-9.4.8.v20171121, build timestamp: 2017-11-21T21:27:37Z, git hash: 82b8fb23f757335bb3329d540ce37a2a2615f0a8
2018-03-05 19:32:14,677 [Start Help Server] INFO  org.eclipse.jetty.server.session - DefaultSessionIdManager workerName=node0
2018-03-05 19:32:14,677 [Start Help Server] INFO  org.eclipse.jetty.server.session - No SessionScavenger set, using defaults
2018-03-05 19:32:14,679 [Start Help Server] INFO  org.eclipse.jetty.server.session - Scavenging every 660000ms
2018-03-05 19:32:14,734 [Start Help Server] INFO  o.e.j.server.handler.ContextHandler - Started o.e.j.s.ServletContextHandler@18f6d51d{/help,null,AVAILABLE}
2018-03-05 19:32:14,768 [Start Help Server] INFO  o.e.jetty.server.AbstractConnector - Started ServerConnector@21fd7722{HTTP/1.1,[http/1.1]}{127.0.0.1:38077}
2018-03-05 19:32:14,768 [Start Help Server] INFO  org.eclipse.jetty.server.Server - Started @495983ms
2018-03-05 21:38:43,987 [Worker-3: Loading available Gradle versions] INFO  c.g.t.t.d.PublishedGradleVersions - Gradle version information cache is up-to-date. Trying to read.
2018-03-05 22:04:06,735 [Start Help Server] INFO  org.eclipse.jetty.util.log - Logging initialized @1557113ms to org.eclipse.jetty.util.log.Slf4jLog
2018-03-05 22:04:07,100 [Start Help Server] INFO  org.eclipse.jetty.server.Server - jetty-9.4.8.v20171121, build timestamp: 2017-11-21T21:27:37Z, git hash: 82b8fb23f757335bb3329d540ce37a2a2615f0a8
2018-03-05 22:04:07,167 [Start Help Server] INFO  org.eclipse.jetty.server.session - DefaultSessionIdManager workerName=node0
2018-03-05 22:04:07,167 [Start Help Server] INFO  org.eclipse.jetty.server.session - No SessionScavenger set, using defaults
2018-03-05 22:04:07,171 [Start Help Server] INFO  org.eclipse.jetty.server.session - Scavenging every 600000ms
2018-03-05 22:04:07,261 [Start Help Server] INFO  o.e.j.server.handler.ContextHandler - Started o.e.j.s.ServletContextHandler@11a0d4b5{/help,null,AVAILABLE}
2018-03-05 22:04:07,335 [Start Help Server] INFO  o.e.jetty.server.AbstractConnector - Started ServerConnector@22f32b2d{HTTP/1.1,[http/1.1]}{127.0.0.1:40413}
2018-03-05 22:04:07,355 [Start Help Server] INFO  org.eclipse.jetty.server.Server - Started @1557726ms
2018-03-07 10:58:29,239 [Stop Help Server] INFO  o.e.jetty.server.AbstractConnector - Stopped ServerConnector@22f32b2d{HTTP/1.1,[http/1.1]}{127.0.0.1:0}
2018-03-07 10:58:29,242 [Stop Help Server] INFO  org.eclipse.jetty.server.session - Stopped scavenging
2018-03-07 10:58:29,271 [Stop Help Server] INFO  o.e.j.server.handler.ContextHandler - Stopped o.e.j.s.ServletContextHandler@11a0d4b5{/help,null,UNAVAILABLE}
2018-03-07 20:45:05,245 [Worker-1: Loading available Gradle versions] INFO  c.g.t.t.d.PublishedGradleVersions - Gradle version information cache is out-of-date. Trying to update.
2018-03-07 21:00:49,034 [Start Help Server] INFO  org.eclipse.jetty.util.log - Logging initialized @987394ms to org.eclipse.jetty.util.log.Slf4jLog
2018-03-07 21:00:49,385 [Start Help Server] INFO  org.eclipse.jetty.server.Server - jetty-9.4.8.v20171121, build timestamp: 2017-11-21T21:27:37Z, git hash: 82b8fb23f757335bb3329d540ce37a2a2615f0a8
2018-03-07 21:00:49,670 [Start Help Server] INFO  org.eclipse.jetty.server.session - DefaultSessionIdManager workerName=node0
2018-03-07 21:00:49,670 [Start Help Server] INFO  org.eclipse.jetty.server.session - No SessionScavenger set, using defaults
2018-03-07 21:00:49,695 [Start Help Server] INFO  org.eclipse.jetty.server.session - Scavenging every 660000ms
2018-03-07 21:00:49,894 [Start Help Server] INFO  o.e.j.server.handler.ContextHandler - Started o.e.j.s.ServletContextHandler@4d3d88fd{/help,null,AVAILABLE}
2018-03-07 21:00:50,023 [Start Help Server] INFO  o.e.jetty.server.AbstractConnector - Started ServerConnector@44a45bae{HTTP/1.1,[http/1.1]}{127.0.0.1:35387}
2018-03-07 21:00:50,024 [Start Help Server] INFO  org.eclipse.jetty.server.Server - Started @988387ms
2018-03-07 21:40:15,048 [Worker-1: Loading available Gradle versions] INFO  c.g.t.t.d.PublishedGradleVersions - Gradle version information cache is up-to-date. Trying to read.
2018-03-07 21:55:51,356 [Start Help Server] INFO  org.eclipse.jetty.util.log - Logging initialized @1102596ms to org.eclipse.jetty.util.log.Slf4jLog
2018-03-07 21:55:51,666 [Start Help Server] INFO  org.eclipse.jetty.server.Server - jetty-9.4.8.v20171121, build timestamp: 2017-11-21T21:27:37Z, git hash: 82b8fb23f757335bb3329d540ce37a2a2615f0a8
2018-03-07 21:55:51,740 [Start Help Server] INFO  org.eclipse.jetty.server.session - DefaultSessionIdManager workerName=node0
2018-03-07 21:55:51,740 [Start Help Server] INFO  org.eclipse.jetty.server.session - No SessionScavenger set, using defaults
2018-03-07 21:55:51,744 [Start Help Server] INFO  org.eclipse.jetty.server.session - Scavenging every 660000ms
2018-03-07 21:55:52,040 [Start Help Server] INFO  o.e.j.server.handler.ContextHandler - Started o.e.j.s.ServletContextHandler@121800e6{/help,null,AVAILABLE}
2018-03-07 21:55:52,317 [Start Help Server] INFO  o.e.jetty.server.AbstractConnector - Started ServerConnector@6d379854{HTTP/1.1,[http/1.1]}{127.0.0.1:33155}
2018-03-07 21:55:52,318 [Start Help Server] INFO  org.eclipse.jetty.server.Server - Started @1103562ms
2018-03-08 09:45:03,348 [Stop Help Server] INFO  o.e.jetty.server.AbstractConnector - Stopped ServerConnector@6d379854{HTTP/1.1,[http/1.1]}{127.0.0.1:0}
2018-03-08 09:45:03,350 [Stop Help Server] INFO  org.eclipse.jetty.server.session - Stopped scavenging
2018-03-08 09:45:03,381 [Stop Help Server] INFO  o.e.j.server.handler.ContextHandler - Stopped o.e.j.s.ServletContextHandler@121800e6{/help,null,UNAVAILABLE}
2018-03-08 18:55:19,231 [Worker-3: Loading available Gradle versions] INFO  c.g.t.t.d.PublishedGradleVersions - Gradle version information cache is up-to-date. Trying to read.
2018-03-08 18:59:51,431 [Start Help Server] INFO  org.eclipse.jetty.util.log - Logging initialized @301780ms to org.eclipse.jetty.util.log.Slf4jLog
2018-03-08 18:59:51,734 [Start Help Server] INFO  org.eclipse.jetty.server.Server - jetty-9.4.8.v20171121, build timestamp: 2017-11-21T21:27:37Z, git hash: 82b8fb23f757335bb3329d540ce37a2a2615f0a8
2018-03-08 18:59:51,778 [Start Help Server] INFO  org.eclipse.jetty.server.session - DefaultSessionIdManager workerName=node0
2018-03-08 18:59:51,779 [Start Help Server] INFO  org.eclipse.jetty.server.session - No SessionScavenger set, using defaults
2018-03-08 18:59:51,782 [Start Help Server] INFO  org.eclipse.jetty.server.session - Scavenging every 600000ms
2018-03-08 18:59:51,847 [Start Help Server] INFO  o.e.j.server.handler.ContextHandler - Started o.e.j.s.ServletContextHandler@1c26a444{/help,null,AVAILABLE}
2018-03-08 18:59:51,894 [Start Help Server] INFO  o.e.jetty.server.AbstractConnector - Started ServerConnector@4136759c{HTTP/1.1,[http/1.1]}{127.0.0.1:37955}
2018-03-08 18:59:51,898 [Start Help Server] INFO  org.eclipse.jetty.server.Server - Started @302247ms
2018-03-08 21:16:59,905 [Worker-3: Loading available Gradle versions] INFO  c.g.t.t.d.PublishedGradleVersions - Gradle version information cache is out-of-date. Trying to update.
2018-03-10 13:07:52,124 [Worker-3: Loading available Gradle versions] INFO  c.g.t.t.d.PublishedGradleVersions - Gradle version information cache is out-of-date. Trying to update.
2018-03-10 13:15:18,666 [Worker-7: Loading available Gradle versions] INFO  c.g.t.t.d.PublishedGradleVersions - Gradle version information cache is up-to-date. Trying to read.
2018-03-10 13:23:48,949 [Start Help Server] INFO  org.eclipse.jetty.util.log - Logging initialized @538923ms to org.eclipse.jetty.util.log.Slf4jLog
2018-03-10 13:23:49,211 [Start Help Server] INFO  org.eclipse.jetty.server.Server - jetty-9.4.8.v20171121, build timestamp: 2017-11-21T21:27:37Z, git hash: 82b8fb23f757335bb3329d540ce37a2a2615f0a8
2018-03-10 13:23:49,284 [Start Help Server] INFO  org.eclipse.jetty.server.session - DefaultSessionIdManager workerName=node0
2018-03-10 13:23:49,285 [Start Help Server] INFO  org.eclipse.jetty.server.session - No SessionScavenger set, using defaults
2018-03-10 13:23:49,288 [Start Help Server] INFO  org.eclipse.jetty.server.session - Scavenging every 600000ms
2018-03-10 13:23:49,356 [Start Help Server] INFO  o.e.j.server.handler.ContextHandler - Started o.e.j.s.ServletContextHandler@3dda5bfa{/help,null,AVAILABLE}
2018-03-10 13:23:49,393 [Start Help Server] INFO  o.e.jetty.server.AbstractConnector - Started ServerConnector@3cfef9ed{HTTP/1.1,[http/1.1]}{127.0.0.1:43113}
2018-03-10 13:23:49,394 [Start Help Server] INFO  org.eclipse.jetty.server.Server - Started @539369ms
2018-03-10 13:30:05,196 [Stop Help Server] INFO  o.e.jetty.server.AbstractConnector - Stopped ServerConnector@3cfef9ed{HTTP/1.1,[http/1.1]}{127.0.0.1:0}
2018-03-10 13:30:05,199 [Stop Help Server] INFO  org.eclipse.jetty.server.session - Stopped scavenging
2018-03-10 13:30:05,235 [Stop Help Server] INFO  o.e.j.server.handler.ContextHandler - Stopped o.e.j.s.ServletContextHandler@3dda5bfa{/help,null,UNAVAILABLE}
2018-03-10 13:34:56,492 [Worker-2: Loading available Gradle versions] INFO  c.g.t.t.d.PublishedGradleVersions - Gradle version information cache is up-to-date. Trying to read.
2018-03-10 13:35:33,915 [Start Help Server] INFO  org.eclipse.jetty.util.log - Logging initialized @92285ms to org.eclipse.jetty.util.log.Slf4jLog
2018-03-10 13:35:34,262 [Start Help Server] INFO  org.eclipse.jetty.server.Server - jetty-9.4.8.v20171121, build timestamp: 2017-11-21T21:27:37Z, git hash: 82b8fb23f757335bb3329d540ce37a2a2615f0a8
2018-03-10 13:35:34,307 [Start Help Server] INFO  org.eclipse.jetty.server.session - DefaultSessionIdManager workerName=node0
2018-03-10 13:35:34,307 [Start Help Server] INFO  org.eclipse.jetty.server.session - No SessionScavenger set, using defaults
2018-03-10 13:35:34,310 [Start Help Server] INFO  org.eclipse.jetty.server.session - Scavenging every 600000ms
2018-03-10 13:35:34,440 [Start Help Server] INFO  o.e.j.server.handler.ContextHandler - Started o.e.j.s.ServletContextHandler@584ca70d{/help,null,AVAILABLE}
2018-03-10 13:35:34,534 [Start Help Server] INFO  o.e.jetty.server.AbstractConnector - Started ServerConnector@6d177354{HTTP/1.1,[http/1.1]}{127.0.0.1:37541}
2018-03-10 13:35:34,534 [Start Help Server] INFO  org.eclipse.jetty.server.Server - Started @92907ms
2018-03-10 13:45:29,036 [Worker-4: Loading available Gradle versions] INFO  c.g.t.t.d.PublishedGradleVersions - Gradle version information cache is up-to-date. Trying to read.
2018-03-10 13:52:35,122 [Start Help Server] INFO  org.eclipse.jetty.util.log - Logging initialized @450819ms to org.eclipse.jetty.util.log.Slf4jLog
2018-03-10 13:52:35,556 [Start Help Server] INFO  org.eclipse.jetty.server.Server - jetty-9.4.8.v20171121, build timestamp: 2017-11-21T21:27:37Z, git hash: 82b8fb23f757335bb3329d540ce37a2a2615f0a8
2018-03-10 13:52:35,630 [Start Help Server] INFO  org.eclipse.jetty.server.session - DefaultSessionIdManager workerName=node0
2018-03-10 13:52:35,630 [Start Help Server] INFO  org.eclipse.jetty.server.session - No SessionScavenger set, using defaults
2018-03-10 13:52:35,635 [Start Help Server] INFO  org.eclipse.jetty.server.session - Scavenging every 600000ms
2018-03-10 13:52:35,766 [Start Help Server] INFO  o.e.j.server.handler.ContextHandler - Started o.e.j.s.ServletContextHandler@7e91d6a5{/help,null,AVAILABLE}
2018-03-10 13:52:35,923 [Start Help Server] INFO  o.e.jetty.server.AbstractConnector - Started ServerConnector@380eb67b{HTTP/1.1,[http/1.1]}{127.0.0.1:33047}
2018-03-10 13:52:35,923 [Start Help Server] INFO  org.eclipse.jetty.server.Server - Started @451622ms
2018-03-11 12:09:23,680 [Worker-4: Loading available Gradle versions] INFO  c.g.t.t.d.PublishedGradleVersions - Gradle version information cache is up-to-date. Trying to read.
2018-03-11 12:12:18,067 [Start Help Server] INFO  org.eclipse.jetty.util.log - Logging initialized @211944ms to org.eclipse.jetty.util.log.Slf4jLog
2018-03-11 12:12:18,411 [Start Help Server] INFO  org.eclipse.jetty.server.Server - jetty-9.4.8.v20171121, build timestamp: 2017-11-21T21:27:37Z, git hash: 82b8fb23f757335bb3329d540ce37a2a2615f0a8
2018-03-11 12:12:18,467 [Start Help Server] INFO  org.eclipse.jetty.server.session - DefaultSessionIdManager workerName=node0
2018-03-11 12:12:18,467 [Start Help Server] INFO  org.eclipse.jetty.server.session - No SessionScavenger set, using defaults
2018-03-11 12:12:18,470 [Start Help Server] INFO  org.eclipse.jetty.server.session - Scavenging every 660000ms
2018-03-11 12:12:18,542 [Start Help Server] INFO  o.e.j.server.handler.ContextHandler - Started o.e.j.s.ServletContextHandler@529debde{/help,null,AVAILABLE}
2018-03-11 12:12:18,573 [Start Help Server] INFO  o.e.jetty.server.AbstractConnector - Started ServerConnector@5b7b3b32{HTTP/1.1,[http/1.1]}{127.0.0.1:37629}
2018-03-11 12:12:18,574 [Start Help Server] INFO  org.eclipse.jetty.server.Server - Started @212453ms
2018-03-11 16:06:45,911 [Worker-4: Loading available Gradle versions] INFO  c.g.t.t.d.PublishedGradleVersions - Gradle version information cache is out-of-date. Trying to update.
2018-03-11 16:20:57,248 [Start Help Server] INFO  org.eclipse.jetty.util.log - Logging initialized @873368ms to org.eclipse.jetty.util.log.Slf4jLog
2018-03-11 16:20:57,524 [Start Help Server] INFO  org.eclipse.jetty.server.Server - jetty-9.4.8.v20171121, build timestamp: 2017-11-21T21:27:37Z, git hash: 82b8fb23f757335bb3329d540ce37a2a2615f0a8
2018-03-11 16:20:57,572 [Start Help Server] INFO  org.eclipse.jetty.server.session - DefaultSessionIdManager workerName=node0
2018-03-11 16:20:57,572 [Start Help Server] INFO  org.eclipse.jetty.server.session - No SessionScavenger set, using defaults
2018-03-11 16:20:57,576 [Start Help Server] INFO  org.eclipse.jetty.server.session - Scavenging every 660000ms
2018-03-11 16:20:57,651 [Start Help Server] INFO  o.e.j.server.handler.ContextHandler - Started o.e.j.s.ServletContextHandler@3e93383c{/help,null,AVAILABLE}
2018-03-11 16:20:57,693 [Start Help Server] INFO  o.e.jetty.server.AbstractConnector - Started ServerConnector@18fe0119{HTTP/1.1,[http/1.1]}{127.0.0.1:41085}
2018-03-11 16:20:57,694 [Start Help Server] INFO  org.eclipse.jetty.server.Server - Started @873814ms
